0 info it worked if it ends with ok
1 verbose cli [ '/usr/local/bin/node', '/usr/local/bin/npm', 'publish' ]
2 info using npm@3.10.8
3 info using node@v7.0.0
4 verbose publish [ '.' ]
5 silly cache add args [ '.', null ]
6 verbose cache add spec .
7 silly cache add parsed spec Result {
7 silly cache add   raw: '.',
7 silly cache add   scope: null,
7 silly cache add   escapedName: null,
7 silly cache add   name: null,
7 silly cache add   rawSpec: '.',
7 silly cache add   spec: '/Users/dezinezync/Sites/DZDateTimePicker',
7 silly cache add   type: 'directory' }
8 verbose addLocalDirectory /Users/dezinezync/.npm/datetimepicker/1.2.1/package.tgz not in flight; packing
9 verbose correctMkdir /Users/dezinezync/.npm correctMkdir not in flight; initializing
10 info lifecycle datetimepicker@1.2.1~prepublish: datetimepicker@1.2.1
11 silly lifecycle datetimepicker@1.2.1~prepublish: no script for prepublish, continuing
12 verbose tar pack [ '/Users/dezinezync/.npm/datetimepicker/1.2.1/package.tgz',
12 verbose tar pack   '/Users/dezinezync/Sites/DZDateTimePicker' ]
13 verbose tarball /Users/dezinezync/.npm/datetimepicker/1.2.1/package.tgz
14 verbose folder /Users/dezinezync/Sites/DZDateTimePicker
15 verbose addLocalTarball adding from inside cache /Users/dezinezync/.npm/datetimepicker/1.2.1/package.tgz
16 verbose correctMkdir /Users/dezinezync/.npm correctMkdir not in flight; initializing
17 silly cache afterAdd datetimepicker@1.2.1
18 verbose afterAdd /Users/dezinezync/.npm/datetimepicker/1.2.1/package/package.json not in flight; writing
19 verbose correctMkdir /Users/dezinezync/.npm correctMkdir not in flight; initializing
20 verbose afterAdd /Users/dezinezync/.npm/datetimepicker/1.2.1/package/package.json written
21 silly publish { name: 'datetimepicker',
21 silly publish   version: '1.2.1',
21 silly publish   description: 'Functional, Extensible & Simple DateTime picker without any dependencies.',
21 silly publish   main: 'src/dzdatetimepicker.js',
21 silly publish   dependencies: { 'babel-cli': '^6.24.0' },
21 silly publish   devDependencies: {},
21 silly publish   scripts: { test: 'echo "Error: no test specified" && exit 1' },
21 silly publish   repository:
21 silly publish    { type: 'git',
21 silly publish      url: 'git+https://github.com/DZNS/DZDateTimePicker.git' },
21 silly publish   keywords:
21 silly publish    [ 'picker',
21 silly publish      'date',
21 silly publish      'time',
21 silly publish      'html',
21 silly publish      'javascript',
21 silly publish      'fallback',
21 silly publish      'support',
21 silly publish      'es6' ],
21 silly publish   author: { name: 'Nikhil Nigade', url: 'Dezine Zync Studios LLP.' },
21 silly publish   license: 'MIT',
21 silly publish   bugs: { url: 'https://github.com/DZNS/DZDateTimePicker/issues' },
21 silly publish   homepage: 'https://github.com/DZNS/DZDateTimePicker#readme',
21 silly publish   readme: '# DZDateTimePicker\nFunctional, Extensible &amp; Simple Date and Time picker without any dependencies.  \n\nDZDateTimePicker also automatically adds support for:  \n```html\ninput[type="date"]\ninput[type="time"]\ninput[type="datetime-local"]\n```\nif they are not supported natively. You don\'t have to do anything extra. The library will handle the setup for you. You simply have to query the `.value` of your original input elements and you\'re all set.  \n\n### Demos  \nThe related demos are in the `demo` folder of this repo.  \nOn a related note:   \n- All source files are in the `src` directory.\n- All distribution files are in the `dist` directory (which you should use for production sites)\n\n### Setup\n```html\n<script src="dzdatetimepicker-dist.js"></script>\n\n<!-- The stylesheet. You can include your own instead -->\n<link rel="stylesheet" href="dzdatetimepicker.css" />\n```\n\n### Date Picker Usage\nSimply,\n```html\n<input type="datetime-local" name="epoch-start" />\n```\nDZDateTimePicker will allow native browser implementations to take over if they exist. If they don\'t, the library will do it\'s own wiring for you. \n\n\nYou can optionally initiate the date picker by wiring up a *trigger* element like so:\n```html\n<button class="date-trigger" data-date-max="2016-05-09" data-date-min="2016-01-01" data-onset="didSetDate">Trigger</button>\n```\n\nThe few important things to note are:  \n- when `dzdatetimepicker-dsit.js` runs, it automatically finds elements with the class `date-trigger` and hooks on to them. No futher configuration is required.\n- You can set additional, *optional* dataset items like `date-max` and `date-min` to control the selectable items within a range. Both are optional, and you can use only one if desired.\n- the last parameter, `onset` is required if you need a callback when the user selects a date. This is optional, however, your implementation will require it if you need to update the UI. The implementation for this is intentionally left out.\n\n### Timer Picker Usage\nSimply,\n```html\n<input type="time" name="epoch-start" />\n```\n\nYou can optionally initiate the time picker by wiring up a *trigger* element like so:\n```html\n<div role="button" class="trigger timer-trigger" data-onchange="didSetTime">Time Trigger</div>\n```\nWhen the script loads, it automatically hooks on to elements with the class `timer-trigger`. No other configuration is necessary. Similar to the date picker, the last parameter, `onchange` is required if you need a callback when the user selects a date. This is optional, however, your implementation will require it if you need to update the UI. The implementation for this is intentionally left out.\n\nThe callback, unlike the date picker, responds with an object in the following format:\n```json\n{\n  "string" : "14:26",\n  "hours" : 14,\n  "minutes" : 26\n}\n```\n\n### Range Picker Usage\nTo setup a range picker, include the `rangepicker-dist.js` file along with the date-picker sources as mentioned above. Then you can can write simple markup as follows:  \n```html\n<div id="range-picker">\n    <div role="button" class="trigger range-start" data-date-max="2017-05-09" data-date-min="2016-01-01" data-onset="didSetDate">Start</div>\n    <div role="button" class="trigger range-end" data-date-max="2017-05-09" data-date-min="2016-01-01" data-onset="didSetDate">End</div>\n</div>\n```\n\nYou can then initialise the range picker as follows:\n```js\nconst myRangePicker = new RangePicker(document.getElementById("range-picker"))\n```\n\nThe `RangePicker` will then automatically handle all the setup for you and adjust the min-max ranges for the date picker based on the user\'s input. \n\n### Notes\n- Both the datepicker and timepicker automatically idenity `<input>` elements. They hook on to the `focus` and `blur` events so the user can use the pickers to set the values directly. \n- If the pickers detect an `<input>` element, the pickers will update the `value` attribute when the user updates their selection. \n- When not using an `<input>` element, you can optionally set the attribute `data-date-val=""` and it\'ll be updated similarly. \n\n### Todo\n- [x] Remove dependencies \n- [x] Structure the repo properly\n- [x] Add source maps to distribution files\n- [x] Prepros for handling distribution process\n- [x] lint all source js files\n\n### License\nDZDateTimePicker is licensed under the MIT License. Please refer to the LICENSE file for more information. \n\n### Author\nNikhil Nigade (Dezine Zync Studios)\n',
21 silly publish   readmeFilename: 'README.md',
21 silly publish   gitHead: 'b98cd722d7086f648766d53886d33f5ebb8adacb',
21 silly publish   _id: 'datetimepicker@1.2.1',
21 silly publish   _shasum: 'dd8cc601ab53d2d81600fc9386bf22acd015dc26',
21 silly publish   _from: '.' }
22 verbose getPublishConfig undefined
23 silly mapToRegistry name datetimepicker
24 silly mapToRegistry using default registry
25 silly mapToRegistry registry https://registry.npmjs.org/
26 silly mapToRegistry data Result {
26 silly mapToRegistry   raw: 'datetimepicker',
26 silly mapToRegistry   scope: null,
26 silly mapToRegistry   escapedName: 'datetimepicker',
26 silly mapToRegistry   name: 'datetimepicker',
26 silly mapToRegistry   rawSpec: '',
26 silly mapToRegistry   spec: 'latest',
26 silly mapToRegistry   type: 'tag' }
27 silly mapToRegistry uri https://registry.npmjs.org/datetimepicker
28 verbose publish registryBase https://registry.npmjs.org/
29 silly publish uploading /Users/dezinezync/.npm/datetimepicker/1.2.1/package.tgz
30 verbose request uri https://registry.npmjs.org/datetimepicker
31 verbose request sending authorization for write operation
32 info attempt registry request try #1 at 9:18:33 PM
33 verbose request using bearer token for auth
34 verbose request id 470eef5643e707ca
35 http request PUT https://registry.npmjs.org/datetimepicker
36 http 403 https://registry.npmjs.org/datetimepicker
37 verbose headers { 'content-type': 'application/json',
37 verbose headers   'cache-control': 'max-age=300',
37 verbose headers   'content-length': '108',
37 verbose headers   'accept-ranges': 'bytes',
37 verbose headers   date: 'Mon, 27 Mar 2017 15:48:35 GMT',
37 verbose headers   via: '1.1 varnish',
37 verbose headers   connection: 'keep-alive',
37 verbose headers   'x-served-by': 'cache-sin18032-SIN',
37 verbose headers   'x-cache': 'MISS',
37 verbose headers   'x-cache-hits': '0',
37 verbose headers   'x-timer': 'S1490629714.215727,VS0,VE1133',
37 verbose headers   vary: 'Accept-Encoding' }
38 verbose request invalidating /Users/dezinezync/.npm/registry.npmjs.org/datetimepicker on PUT
39 error publish Failed PUT 403
40 verbose stack Error: you do not have permission to publish "datetimepicker". Are you logged in as the correct user? : datetimepicker
40 verbose stack     at makeError (/usr/local/lib/node_modules/npm/node_modules/npm-registry-client/lib/request.js:302:12)
40 verbose stack     at CachingRegistryClient.<anonymous> (/usr/local/lib/node_modules/npm/node_modules/npm-registry-client/lib/request.js:290:14)
40 verbose stack     at Request._callback (/usr/local/lib/node_modules/npm/node_modules/npm-registry-client/lib/request.js:210:14)
40 verbose stack     at Request.self.callback (/usr/local/lib/node_modules/npm/node_modules/request/request.js:187:22)
40 verbose stack     at emitTwo (events.js:106:13)
40 verbose stack     at Request.emit (events.js:191:7)
40 verbose stack     at Request.<anonymous> (/usr/local/lib/node_modules/npm/node_modules/request/request.js:1044:10)
40 verbose stack     at emitOne (events.js:96:13)
40 verbose stack     at Request.emit (events.js:188:7)
40 verbose stack     at IncomingMessage.<anonymous> (/usr/local/lib/node_modules/npm/node_modules/request/request.js:965:12)
41 verbose statusCode 403
42 verbose pkgid datetimepicker
43 verbose cwd /Users/dezinezync/Sites/DZDateTimePicker
44 error Darwin 15.6.0
45 error argv "/usr/local/bin/node" "/usr/local/bin/npm" "publish"
46 error node v7.0.0
47 error npm  v3.10.8
48 error code E403
49 error you do not have permission to publish "datetimepicker". Are you logged in as the correct user? : datetimepicker
50 error If you need help, you may report this error at:
50 error     <https://github.com/npm/npm/issues>
51 verbose exit [ 1, true ]
